# JRE version: Java(TM) SE Runtime Environment 18.9 (11.0.17+10) (build 11.0.17+10-LTS-269)
# Java VM: Java HotSpot(TM) 64-Bit Server VM 18.9 (11.0.17+10-LTS-269, mixed mode, tiered, compressed oops, g1 gc, windows-amd64)
Heap:
 garbage-first heap   total 131072K, used 32806K [0x0000000080000000, 0x0000000100000000)
  region size 1024K, 17 young (17408K), 1 survivors (1024K)
 Metaspace       used 22531K, capacity 23133K, committed 23472K, reserved 536576K
  class space    used 2814K, capacity 3009K, committed 3072K, reserved 516096K
GC Heap History (10 events):
Event: 0.777 GC heap before
{Heap before GC invocations=0 (full 0):
 garbage-first heap   total 131072K, used 13312K [0x0000000080000000, 0x0000000100000000)
  region size 1024K, 14 young (14336K), 0 survivors (0K)
 Metaspace       used 6666K, capacity 6856K, committed 7168K, reserved 524288K
  class space    used 576K, capacity 650K, committed 768K, reserved 516096K
}
Event: 0.829 GC heap after
{Heap after GC invocations=1 (full 0):
 garbage-first heap   total 131072K, used 4284K [0x0000000080000000, 0x0000000100000000)
  region size 1024K, 2 young (2048K), 2 survivors (2048K)
 Metaspace       used 6666K, capacity 6856K, committed 7168K, reserved 524288K
  class space    used 576K, capacity 650K, committed 768K, reserved 516096K
}
Event: 1.313 GC heap before
{Heap before GC invocations=1 (full 0):
 garbage-first heap   total 131072K, used 19644K [0x0000000080000000, 0x0000000100000000)
  region size 1024K, 13 young (13312K), 2 survivors (2048K)
 Metaspace       used 9755K, capacity 9985K, committed 10112K, reserved 526336K
  class space    used 1017K, capacity 1102K, committed 1152K, reserved 516096K
}
Event: 1.317 GC heap after
{Heap after GC invocations=2 (full 0):
 garbage-first heap   total 131072K, used 10618K [0x0000000080000000, 0x0000000100000000)
  region size 1024K, 2 young (2048K), 2 survivors (2048K)
 Metaspace       used 9755K, capacity 9985K, committed 10112K, reserved 526336K
  class space    used 1017K, capacity 1102K, committed 1152K, reserved 516096K
}
Event: 2.363 GC heap before
{Heap before GC invocations=2 (full 0):
 garbage-first heap   total 131072K, used 39290K [0x0000000080000000, 0x0000000100000000)
  region size 1024K, 30 young (30720K), 2 survivors (2048K)
 Metaspace       used 10762K, capacity 11001K, committed 11264K, reserved 526336K
  class space    used 1118K, capacity 1206K, committed 1280K, reserved 516096K
}
Event: 2.368 GC heap after
{Heap after GC invocations=3 (full 0):
 garbage-first heap   total 131072K, used 12961K [0x0000000080000000, 0x0000000100000000)
  region size 1024K, 4 young (4096K), 4 survivors (4096K)
 Metaspace       used 10762K, capacity 11001K, committed 11264K, reserved 526336K
  class space    used 1118K, capacity 1206K, committed 1280K, reserved 516096K
}
Event: 16.111 GC heap before
{Heap before GC invocations=3 (full 0):
 garbage-first heap   total 131072K, used 54945K [0x0000000080000000, 0x0000000100000000)
  region size 1024K, 45 young (46080K), 4 survivors (4096K)
 Metaspace       used 18121K, capacity 18480K, committed 18688K, reserved 532480K
  class space    used 2130K, capacity 2276K, committed 2304K, reserved 516096K
}
Event: 16.149 GC heap after
{Heap after GC invocations=4 (full 0):
 garbage-first heap   total 131072K, used 17569K [0x0000000080000000, 0x0000000100000000)
  region size 1024K, 6 young (6144K), 6 survivors (6144K)
 Metaspace       used 18121K, capacity 18480K, committed 18688K, reserved 532480K
  class space    used 2130K, capacity 2276K, committed 2304K, reserved 516096K
}
Event: 17.260 GC heap before
{Heap before GC invocations=4 (full 0):
 garbage-first heap   total 131072K, used 38049K [0x0000000080000000, 0x0000000100000000)
  region size 1024K, 27 young (27648K), 6 survivors (6144K)
 Metaspace       used 20743K, capacity 21217K, committed 21296K, reserved 536576K
  class space    used 2515K, capacity 2686K, committed 2688K, reserved 516096K
}
Event: 17.266 GC heap after
{Heap after GC invocations=5 (full 0):
 garbage-first heap   total 131072K, used 18470K [0x0000000080000000, 0x0000000100000000)
  region size 1024K, 1 young (1024K), 1 survivors (1024K)
 Metaspace       used 20743K, capacity 21217K, committed 21296K, reserved 536576K
  class space    used 2515K, capacity 2686K, committed 2688K, reserved 516096K
}

